<?xml version="1.0" encoding="UTF-8"?>
<testsuite name="DemoAcceptanceTest" tests="1" skipped="0" failures="0" errors="0" timestamp="2022-03-01T11:22:28" hostname="pod-3d3cc6d9-b447-4430-a9eb-92909af215a9-drsw3-px7pm" time="0.014">
  <properties/>
  <testcase name="basicTest()" classname="DemoAcceptanceTest" time="0.014"/>
  <system-out><![CDATA[]]></system-out>
  <system-err><![CDATA[]]></system-err>
</testsuite>
