<?xml version="1.0" encoding="UTF-8"?>
<testsuite name="DemoAcceptance" tests="4" skipped="0" failures="0" errors="0" timestamp="2022-03-01T11:22:32" hostname="pod-3d3cc6d9-b447-4430-a9eb-92909af215a9-drsw3-px7pm" time="0.071">
  <properties/>
  <testcase name="ORDGP130_goes to GH ods-quickstarters" classname="DemoAcceptance" time="0.007"/>
  <testcase name="ORDGP131_goes to GH ods-quickstarters" classname="DemoAcceptance" time="0.0"/>
  <testcase name="ORDGP132_goes to GH ods-quickstarters" classname="DemoAcceptance" time="0.062"/>
  <testcase name="ORDGP133_goes to GH ods-quickstarters" classname="DemoAcceptance" time="0.001"/>
  <system-out><![CDATA[]]></system-out>
  <system-err><![CDATA[]]></system-err>
</testsuite>
